0 info it worked if it ends with ok
1 verbose cli [ '/usr/bin/nodejs', '/usr/bin/npm', 'start' ]
2 info using npm@3.7.3
3 info using node@v5.9.1
4 verbose run-script [ 'prestart', 'start', 'poststart' ]
5 info lifecycle url-shortener@1.0.0~prestart: url-shortener@1.0.0
6 silly lifecycle url-shortener@1.0.0~prestart: no script for prestart, continuing
7 info lifecycle url-shortener@1.0.0~start: url-shortener@1.0.0
8 verbose lifecycle url-shortener@1.0.0~start: unsafe-perm in lifecycle true
9 verbose lifecycle url-shortener@1.0.0~start: PATH: /usr/lib/node_modules/npm/bin/node-gyp-bin:/home/hrushikesh/workspace/fcc/backend/url-shortener/node_modules/.bin:/usr/bin:/usr/local/heroku/bin:/usr/local/sbin:/usr/local/bin:/usr/sbin:/usr/bin:/sbin:/bin:/usr/games:/usr/local/games:/snap/bin:/home/hrushikesh/packages/android/android-sdk-linux/tools:/home/hrushikesh/packages/android/android-sdk-linux/platform-tools:/home/hrushikesh/packages/android/android-sdk-linux/tools:/home/hrushikesh/packages/android/android-sdk-linux/platform-tools
10 verbose lifecycle url-shortener@1.0.0~start: CWD: /home/hrushikesh/workspace/fcc/backend/url-shortener
11 silly lifecycle url-shortener@1.0.0~start: Args: [ '-c', 'node index.js' ]
12 silly lifecycle url-shortener@1.0.0~start: Returned: code: 1  signal: null
13 info lifecycle url-shortener@1.0.0~start: Failed to exec start script
14 verbose stack Error: url-shortener@1.0.0 start: `node index.js`
14 verbose stack Exit status 1
14 verbose stack     at EventEmitter.<anonymous> (/usr/lib/node_modules/npm/lib/utils/lifecycle.js:239:16)
14 verbose stack     at emitTwo (events.js:100:13)
14 verbose stack     at EventEmitter.emit (events.js:185:7)
14 verbose stack     at ChildProcess.<anonymous> (/usr/lib/node_modules/npm/lib/utils/spawn.js:24:14)
14 verbose stack     at emitTwo (events.js:100:13)
14 verbose stack     at ChildProcess.emit (events.js:185:7)
14 verbose stack     at maybeClose (internal/child_process.js:850:16)
14 verbose stack     at Process.ChildProcess._handle.onexit (internal/child_process.js:215:5)
15 verbose pkgid url-shortener@1.0.0
16 verbose cwd /home/hrushikesh/workspace/fcc/backend/url-shortener
17 error Linux 4.4.0-21-generic
18 error argv "/usr/bin/nodejs" "/usr/bin/npm" "start"
19 error node v5.9.1
20 error npm  v3.7.3
21 error code ELIFECYCLE
22 error url-shortener@1.0.0 start: `node index.js`
22 error Exit status 1
23 error Failed at the url-shortener@1.0.0 start script 'node index.js'.
23 error Make sure you have the latest version of node.js and npm installed.
23 error If you do, this is most likely a problem with the url-shortener package,
23 error not with npm itself.
23 error Tell the author that this fails on your system:
23 error     node index.js
23 error You can get information on how to open an issue for this project with:
23 error     npm bugs url-shortener
23 error Or if that isn't available, you can get their info via:
23 error     npm owner ls url-shortener
23 error There is likely additional logging output above.
24 verbose exit [ 1, true ]
